<?xml version="1.0" encoding="UTF-8"?>
<!-- Generated by org.testng.reporters.JUnitReportReporter -->
<testsuite hostname="LP-5CG1348Z98" failures="0" tests="1" name="AutomationPracticeTest" time="29.790" errors="0" timestamp="2022-01-12T21:05:46 IST" skipped="0">
  <testcase classname="AutomationPracticeTest" name="f" time="29.790"/>
  <system-out/>
</testsuite> <!-- AutomationPracticeTest -->
