<?xml version="1.0" encoding="UTF-8"?>
<!-- Generated by org.testng.reporters.JUnitReportReporter -->
<testsuite hostname="LP-5CG1348Z98" failures="0" tests="1" name="FrameHandlesTest" time="21.077" errors="0" timestamp="2021-12-19T13:21:51 IST" skipped="0">
  <testcase classname="FrameHandlesTest" name="f" time="21.077"/>
  <system-out/>
</testsuite> <!-- FrameHandlesTest -->
