<?xml version="1.0" encoding="UTF-8"?>
<!-- Generated by org.testng.reporters.JUnitReportReporter -->
<testsuite hostname="LP-5CG1348Z98" failures="0" tests="1" name="WindowHandlesTest" time="25.433" errors="0" timestamp="2021-12-19T13:25:44 IST" skipped="0">
  <testcase classname="WindowHandlesTest" name="f" time="25.433"/>
  <system-out/>
</testsuite> <!-- WindowHandlesTest -->
