<?xml version="1.0" encoding="UTF-8"?>
<!-- Generated by org.testng.reporters.JUnitReportReporter -->
<testsuite hostname="LP-5CG1348Z98" failures="0" tests="1" name="ImplicitAndExplicitWaitsTest" time="15.427" errors="0" timestamp="2021-12-24T12:00:31 IST" skipped="0">
  <testcase classname="ImplicitAndExplicitWaitsTest" name="f" time="15.427"/>
  <system-out/>
</testsuite> <!-- ImplicitAndExplicitWaitsTest -->
