<?xml version="1.0" encoding="UTF-8"?>
<!-- Generated by org.testng.reporters.JUnitReportReporter -->
<testsuite hostname="LP-5CG1348Z98" failures="0" tests="1" name="DropDownsTest" time="10.406" errors="0" timestamp="2021-12-19T13:15:27 IST" skipped="0">
  <testcase classname="DropDownsTest" name="f" time="10.406"/>
  <system-out/>
</testsuite> <!-- DropDownsTest -->
