<?xml version="1.0" encoding="UTF-8"?>
<!-- Generated by org.testng.reporters.JUnitReportReporter -->
<testsuite hostname="LP-5CG1348Z98" failures="0" tests="1" name="Web3Test" time="12.558" errors="0" timestamp="2021-12-19T11:58:20 IST" skipped="0">
  <testcase classname="Web3Test" name="f" time="12.558"/>
  <system-out/>
</testsuite> <!-- Web3Test -->
