<?xml version="1.0" encoding="UTF-8"?>
<!-- Generated by org.testng.reporters.JUnitReportReporter -->
<testsuite hostname="LP-5CG1348Z98" failures="0" tests="1" name="LocatorsTest" time="26.779" errors="0" timestamp="2021-12-19T18:50:55 IST" skipped="0">
  <testcase classname="LocatorsTest" name="f" time="26.779"/>
  <system-out/>
</testsuite> <!-- LocatorsTest -->
