<?xml version="1.0" encoding="UTF-8"?>
<!-- Generated by org.testng.reporters.JUnitReportReporter -->
<testsuite hostname="LP-5CG1348Z98" failures="0" tests="1" name="UploadFileTest" time="19.343" errors="0" timestamp="2021-12-19T18:45:50 IST" skipped="0">
  <testcase classname="UploadFileTest" name="f" time="19.343"/>
  <system-out/>
</testsuite> <!-- UploadFileTest -->
