<?xml version="1.0" encoding="UTF-8"?>
<!-- Generated by org.testng.reporters.JUnitReportReporter -->
<testsuite hostname="LP-5CG1348Z98" failures="0" tests="1" name="ScreenshotByRobotClassTest" time="21.186" errors="0" timestamp="2021-12-22T11:34:15 IST" skipped="0">
  <testcase classname="ScreenshotByRobotClassTest" name="f" time="21.186"/>
  <system-out/>
</testsuite> <!-- ScreenshotByRobotClassTest -->
