<?xml version="1.0" encoding="UTF-8"?>
<!-- Generated by org.testng.reporters.JUnitReportReporter -->
<testsuite hostname="LP-5CG1348Z98" failures="0" tests="1" name="DatePickerTest" time="11.691" errors="0" timestamp="2022-01-18T18:05:50 IST" skipped="0">
  <testcase classname="DatePickerTest" name="f" time="11.691"/>
  <system-out/>
</testsuite> <!-- DatePickerTest -->
