<?xml version="1.0" encoding="UTF-8"?>
<!-- Generated by org.testng.reporters.JUnitReportReporter -->
<testsuite hostname="LP-5CG1348Z98" failures="0" tests="1" name="DownloadFileTest" time="17.945" errors="0" timestamp="2021-12-19T14:07:41 IST" skipped="0">
  <testcase classname="DownloadFileTest" name="f" time="17.945"/>
  <system-out/>
</testsuite> <!-- DownloadFileTest -->
